[    0.000000] Initializing cgroup subsys cpuset
[    0.000000] Initializing cgroup subsys cpu
[    0.000000] Initializing cgroup subsys cpuacct
[    0.000000] Linux version 4.4.0-77-generic (buildd@lgw01-53) (gcc version 5.4.0 20160609 (Ubuntu 5.4.0-6ubuntu1~16.04.4) ) #98-Ubuntu SMP Wed Apr 26 08:33:44 UTC 2017 (Ubuntu 4.4.0-77.98-generic 4.4.59)
[    0.000000] KERNEL supported cpus:
[    0.000000]   Intel GenuineIntel
[    0.000000]   AMD AuthenticAMD
[    0.000000]   NSC Geode by NSC
[    0.000000]   Cyrix CyrixInstead
[    0.000000]   Centaur CentaurHauls
[    0.000000]   Transmeta GenuineTMx86
[    0.000000]   Transmeta TransmetaCPU
[    0.000000]   UMC UMC UMC UMC
[    0.000000] x86/fpu: xstate_offset[2]:  576, xstate_sizes[2]:  256
[    0.000000] x86/fpu: Supporting XSAVE feature 0x01: 'x87 floating point registers'
[    0.000000] x86/fpu: Supporting XSAVE feature 0x02: 'SSE registers'
[    0.000000] x86/fpu: Supporting XSAVE feature 0x04: 'AVX registers'
[    0.000000] x86/fpu: Enabled xstate features 0x7, context size is 832 bytes, using 'standard' format.
[    0.000000] x86/fpu: Using 'lazy' FPU context switches.
[    0.000000] e820: BIOS-provided physical RAM map:
[    0.000000] BIOS-e820: [mem 0x0000000000000000-0x000000000009fbff] usable
[    0.000000] BIOS-e820: [mem 0x000000000009fc00-0x000000000009ffff] reserved
[    0.000000] BIOS-e820: [mem 0x00000000000f0000-0x00000000000fffff] reserved
[    0.000000] BIOS-e820: [mem 0x0000000000100000-0x000000003ffeffff] usable
[    0.000000] BIOS-e820: [mem 0x000000003fff0000-0x000000003fffffff] ACPI data
[    0.000000] BIOS-e820: [mem 0x00000000fec00000-0x00000000fec00fff] reserved
[    0.000000] BIOS-e820: [mem 0x00000000fee00000-0x00000000fee00fff] reserved
[    0.000000] BIOS-e820: [mem 0x00000000fffc0000-0x00000000ffffffff] reserved
[    0.000000] NX (Execute Disable) protection: active
[    0.000000] SMBIOS 2.5 present.
[    0.000000] Hypervisor detected: KVM
[    0.000000] e820: last_pfn = 0x3fff0 max_arch_pfn = 0x1000000
[    0.000000] MTRR: Disabled
[    0.000000] x86/PAT: MTRRs disabled, skipping PAT initialization too.
[    0.000000] x86/PAT: Configuration [0-7]: WB  WT  UC- UC  WB  WT  UC- UC  
[    0.000000] CPU MTRRs all blank - virtualized system.
[    0.000000] found SMP MP-table at [mem 0x0009fff0-0x0009ffff] mapped at [c009fff0]
[    0.000000] Scanning 1 areas for low memory corruption
[    0.000000] RAMDISK: [mem 0x36ae4000-0x37569fff]
[    0.000000] ACPI: Early table checksum verification disabled
[    0.000000] ACPI: RSDP 0x00000000000E0000 000024 (v02 VBOX  )
[    0.000000] ACPI: XSDT 0x000000003FFF0030 00003C (v01 VBOX   VBOXXSDT 00000001 ASL  00000061)
[    0.000000] ACPI: FACP 0x000000003FFF00F0 0000F4 (v04 VBOX   VBOXFACP 00000001 ASL  00000061)
[    0.000000] ACPI: DSDT 0x000000003FFF0470 0021C8 (v02 VBOX   VBOXBIOS 00000002 INTL 20100528)
[    0.000000] ACPI: FACS 0x000000003FFF0200 000040
[    0.000000] ACPI: FACS 0x000000003FFF0200 000040
[    0.000000] ACPI: APIC 0x000000003FFF0240 00005C (v02 VBOX   VBOXAPIC 00000001 ASL  00000061)
[    0.000000] ACPI: SSDT 0x000000003FFF02A0 0001CC (v01 VBOX   VBOXCPUT 00000002 INTL 20100528)
[    0.000000] 131MB HIGHMEM available.
[    0.000000] 891MB LOWMEM available.
[    0.000000]   mapped low ram: 0 - 37bfe000
[    0.000000]   low ram: 0 - 37bfe000
[    0.000000] kvm-clock: Using msrs 4b564d01 and 4b564d00
[    0.000000] kvm-clock: cpu 0, msr 0:37bfd001, primary cpu clock
[    0.000000] kvm-clock: using sched offset of 8939111066 cycles
[    0.000000] clocksource: kvm-clock: mask: 0xffffffffffffffff max_cycles: 0x1cd42e4dffb, max_idle_ns: 881590591483 ns
[    0.000000] Zone ranges:
[    0.000000]   DMA      [mem 0x0000000000001000-0x0000000000ffffff]
[    0.000000]   Normal   [mem 0x0000000001000000-0x0000000037bfdfff]
[    0.000000]   HighMem  [mem 0x0000000037bfe000-0x000000003ffeffff]
[    0.000000] Movable zone start for each node
[    0.000000] Early memory node ranges
[    0.000000]   node   0: [mem 0x0000000000001000-0x000000000009efff]
[    0.000000]   node   0: [mem 0x0000000000100000-0x000000003ffeffff]
[    0.000000] Initmem setup node 0 [mem 0x0000000000001000-0x000000003ffeffff]
[    0.000000] Using APIC driver default
[    0.000000] ACPI: PM-Timer IO Port: 0x4008
[    0.000000] IOAPIC[0]: apic_id 2, version 32, address 0xfec00000, GSI 0-23
[    0.000000] ACPI: INT_SRC_OVR (bus 0 bus_irq 0 global_irq 2 dfl dfl)
[    0.000000] ACPI: INT_SRC_OVR (bus 0 bus_irq 9 global_irq 9 high level)
[    0.000000] Using ACPI (MADT) for SMP configuration information
[    0.000000] smpboot: Allowing 2 CPUs, 0 hotplug CPUs
[    0.000000] PM: Registered nosave memory: [mem 0x00000000-0x00000fff]
[    0.000000] PM: Registered nosave memory: [mem 0x0009f000-0x0009ffff]
[    0.000000] PM: Registered nosave memory: [mem 0x000a0000-0x000effff]
[    0.000000] PM: Registered nosave memory: [mem 0x000f0000-0x000fffff]
[    0.000000] e820: [mem 0x40000000-0xfebfffff] available for PCI devices
[    0.000000] Booting paravirtualized kernel on KVM
[    0.000000] clocksource: refined-jiffies: mask: 0xffffffff max_cycles: 0xffffffff, max_idle_ns: 7645519600211568 ns
[    0.000000] setup_percpu: NR_CPUS:8 nr_cpumask_bits:8 nr_cpu_ids:2 nr_node_ids:1
[    0.000000] PERCPU: Embedded 19 pages/cpu @f76b0000 s47436 r0 d30388 u77824
[    0.000000] PV qspinlock hash table entries: 512 (order: 0, 4096 bytes)
[    0.000000] Built 1 zonelists in Zone order, mobility grouping on.  Total pages: 259800
[    0.000000] Kernel command line: BOOT_IMAGE=/boot/vmlinuz-4.4.0-77-generic root=LABEL=cloudimg-rootfs ro console=tty1 console=ttyS0
[    0.000000] PID hash table entries: 4096 (order: 2, 16384 bytes)
[    0.000000] Dentry cache hash table entries: 131072 (order: 7, 524288 bytes)
[    0.000000] Inode-cache hash table entries: 65536 (order: 6, 262144 bytes)
[    0.000000] Initializing CPU#0
[    0.000000] Initializing HighMem for node 0 (00037bfe:0003fff0)
[    0.000000] Initializing Movable for node 0 (00000000:00000000)
[    0.000000] Memory: 1012192K/1048120K available (7928K kernel code, 770K rwdata, 3164K rodata, 940K init, 800K bss, 35928K reserved, 0K cma-reserved, 135112K highmem)
[    0.000000] virtual kernel memory layout:
[    0.000000]     fixmap  : 0xfff15000 - 0xfffff000   ( 936 kB)
[    0.000000]     pkmap   : 0xffc00000 - 0xffe00000   (2048 kB)
[    0.000000]     vmalloc : 0xf83fe000 - 0xffbfe000   ( 120 MB)
[    0.000000]     lowmem  : 0xc0000000 - 0xf7bfe000   ( 891 MB)
[    0.000000]       .init : 0xc1b99000 - 0xc1c84000   ( 940 kB)
[    0.000000]       .data : 0xc17be50b - 0xc1b97b40   (3941 kB)
[    0.000000]       .text : 0xc1000000 - 0xc17be50b   (7929 kB)
[    0.000000] Checking if this processor honours the WP bit even in supervisor mode...Ok.
[    0.000000] SLUB: HWalign=64, Order=0-3, MinObjects=0, CPUs=2, Nodes=1
[    0.000000] Hierarchical RCU implementation.
[    0.000000] 	Build-time adjustment of leaf fanout to 32.
[    0.000000] 	RCU restricting CPUs from NR_CPUS=8 to nr_cpu_ids=2.
[    0.000000] RCU: Adjusting geometry for rcu_fanout_leaf=32, nr_cpu_ids=2
[    0.000000] NR_IRQS:2304 nr_irqs:440 16
[    0.000000] Console: colour VGA+ 80x25
[    0.000000] console [tty1] enabled
[    0.000000] console [ttyS0] enabled
[    0.000000] allocated 1048576 bytes of page_ext
[    0.000000] tsc: Detected 2594.006 MHz processor
[    5.481159] Calibrating delay loop (skipped) preset value.. 5188.01 BogoMIPS (lpj=10376024)
[    5.533785] pid_max: default: 32768 minimum: 301
[    5.544473] ACPI: Core revision 20150930
[    5.550238] ACPI: 2 ACPI AML tables successfully acquired and loaded
[    5.575940] Security Framework initialized
[    5.579625] Yama: becoming mindful.
[    5.598562] AppArmor: AppArmor initialized
[    5.640084] Mount-cache hash table entries: 2048 (order: 1, 8192 bytes)
[    5.653102] Mountpoint-cache hash table entries: 2048 (order: 1, 8192 bytes)
[    5.654167] Initializing cgroup subsys io
[    5.672321] Initializing cgroup subsys memory
[    5.672949] Initializing cgroup subsys devices
[    5.683656] Initializing cgroup subsys freezer
[    5.685457] Initializing cgroup subsys net_cls
[    5.686082] Initializing cgroup subsys perf_event
[    5.686752] Initializing cgroup subsys net_prio
[    5.687388] Initializing cgroup subsys hugetlb
[    5.688012] Initializing cgroup subsys pids
[    5.688682] CPU: Physical Processor ID: 0
[    5.689264] CPU: Processor Core ID: 0
[    5.700890] mce: CPU supports 0 MCE banks
[    5.735144] Last level iTLB entries: 4KB 1024, 2MB 1024, 4MB 1024
[    5.772959] Last level dTLB entries: 4KB 1024, 2MB 1024, 4MB 1024, 1GB 4
[    5.805128] Freeing SMP alternatives memory: 28K (c1c84000 - c1c8b000)
[    5.887767] ftrace: allocating 31398 entries in 62 pages
[    5.978755] smpboot: APIC(0) Converting physical 0 to logical package 0
[    6.021400] smpboot: Max logical packages: 1
[    6.042810] Enabling APIC mode:  Flat.  Using 1 I/O APICs
[    6.075434] ..TIMER: vector=0x30 apic1=0 pin1=2 apic2=-1 pin2=-1
[    6.223284] smpboot: CPU0: Intel(R) Core(TM) i7-4720HQ CPU @ 2.60GHz (family: 0x6, model: 0x3c, stepping: 0x3)
[    6.281700] Performance Events: unsupported p6 CPU model 60 no PMU driver, software events only.
[    6.303141] KVM setup paravirtual spinlock
[    6.325620] x86: Booting SMP configuration:
[    6.329463] .... node  #0, CPUs:      #1
[1266874880.770440] Initializing CPU#1
[    6.338669] kvm-clock: cpu 1, msr 0:37bfd041, secondary cpu clock
[    6.341191] mce: CPU supports 0 MCE banks
[    6.347093] x86: Booted up 1 node, 2 CPUs
[    6.360965] smpboot: Total of 2 processors activated (10376.02 BogoMIPS)
[    6.382134] devtmpfs: initialized
[    6.386189] evm: security.selinux
[    6.388171] evm: security.SMACK64
[    6.388755] evm: security.SMACK64EXEC
[    6.389301] evm: security.SMACK64TRANSMUTE
[    6.427263] evm: security.SMACK64MMAP
[    6.430694] evm: security.ima
[    6.431422] evm: security.capability
[    6.432592] clocksource: jiffies: mask: 0xffffffff max_cycles: 0xffffffff, max_idle_ns: 7645041785100000 ns
[    6.434627] futex hash table entries: 512 (order: 3, 32768 bytes)
[    6.442017] pinctrl core: initialized pinctrl subsystem
[    6.467234] RTC time: 13:29:44, date: 05/11/17
[    6.468036] NET: Registered protocol family 16
[    6.523062] EISA bus registered
[    6.563943] cpuidle: using governor ladder
[    6.676525] cpuidle: using governor menu
[    6.760880] PCCT header not found.
[    6.784451] ACPI: bus type PCI registered
[    6.786146] acpiphp: ACPI Hot Plug PCI Controller Driver version: 0.5
[    6.787168] PCI : PCI BIOS area is rw and x. Use pci=nobios if you want it NX.
[    6.788197] PCI: PCI BIOS revision 2.10 entry at 0xfda26, last bus=0
[    6.788987] PCI: Using configuration type 1 for base access
[    6.883433] ACPI: Added _OSI(Module Device)
[    6.902268] ACPI: Added _OSI(Processor Device)
[    6.921001] ACPI: Added _OSI(3.0 _SCP Extensions)
[    6.930426] ACPI: Added _OSI(Processor Aggregator Device)
[    6.947912] ACPI: Executed 1 blocks of module-level executable AML code
[    6.992039] ACPI: Interpreter enabled
[    7.014734] ACPI: (supports S0 S5)
[    7.052039] ACPI: Using IOAPIC for interrupt routing
[    7.093025] PCI: Using host bridge windows from ACPI; if necessary, use "pci=nocrs" and report a bug
[    7.122629] ACPI: PCI Root Bridge [PCI0] (domain 0000 [bus 00-ff])
[    7.157206] acpi PNP0A03:00: _OSC: OS supports [ASPM ClockPM Segments MSI]
[    7.278468] acpi PNP0A03:00: _OSC failed (AE_NOT_FOUND); disabling ASPM
[    7.399841] acpi PNP0A03:00: fail to add MMCONFIG information, can't access extended PCI configuration space under this bridge.
[    7.424224] PCI host bridge to bus 0000:00
[    7.513935] pci_bus 0000:00: root bus resource [io  0x0000-0x0cf7 window]
[    7.581730] pci_bus 0000:00: root bus resource [io  0x0d00-0xffff window]
[    7.589181] pci_bus 0000:00: root bus resource [mem 0x000a0000-0x000bffff window]
[    7.735103] pci_bus 0000:00: root bus resource [mem 0x40000000-0xffdfffff window]
[    7.736599] pci_bus 0000:00: root bus resource [bus 00-ff]
[    7.844935] pci 0000:00:01.1: legacy IDE quirk: reg 0x10: [io  0x01f0-0x01f7]
[    7.868799] pci 0000:00:01.1: legacy IDE quirk: reg 0x14: [io  0x03f6]
[    8.011828] pci 0000:00:01.1: legacy IDE quirk: reg 0x18: [io  0x0170-0x0177]
[    8.156934] pci 0000:00:01.1: legacy IDE quirk: reg 0x1c: [io  0x0376]
[    8.243410] pci 0000:00:07.0: quirk: [io  0x4000-0x403f] claimed by PIIX4 ACPI
[    8.271769] pci 0000:00:07.0: quirk: [io  0x4100-0x410f] claimed by PIIX4 SMB
[    8.342733] ACPI: PCI Interrupt Link [LNKA] (IRQs 5 9 10 *11)
[    8.360529] ACPI: PCI Interrupt Link [LNKB] (IRQs 5 9 10 *11)
[    8.362253] ACPI: PCI Interrupt Link [LNKC] (IRQs 5 9 *10 11)
[    8.388257] ACPI: PCI Interrupt Link [LNKD] (IRQs 5 *9 10 11)
[    8.389411] ACPI: Enabled 2 GPEs in block 00 to 07
[    8.399859] vgaarb: setting as boot device: PCI:0000:00:02.0
[    8.400610] vgaarb: device added: PCI:0000:00:02.0,decodes=io+mem,owns=io+mem,locks=none
[    8.401745] vgaarb: loaded
[    8.402197] vgaarb: bridge control possible 0000:00:02.0
[    8.406089] SCSI subsystem initialized
[    8.406876] ACPI: bus type USB registered
[    8.501145] usbcore: registered new interface driver usbfs
[    8.582863] usbcore: registered new interface driver hub
[    8.597385] usbcore: registered new device driver usb
[    8.654917] PCI: Using ACPI for IRQ routing
[    8.727085] NetLabel: Initializing
[    8.750800] NetLabel:  domain hash size = 128
[    8.815580] NetLabel:  protocols = UNLABELED CIPSOv4
[    8.881980] NetLabel:  unlabeled traffic allowed by default
[    8.973308] amd_nb: Cannot enumerate AMD northbridges
[    9.065564] clocksource: Switched to clocksource kvm-clock
[    9.083065] AppArmor: AppArmor Filesystem Enabled
[    9.218212] pnp: PnP ACPI init
[    9.254822] pnp: PnP ACPI: found 3 devices
[    9.265351] PnPBIOS: Disabled by ACPI PNP
[    9.422895] clocksource: acpi_pm: mask: 0xffffff max_cycles: 0xffffff, max_idle_ns: 2085701024 ns
[    9.652758] NET: Registered protocol family 2
[    9.761722] TCP established hash table entries: 8192 (order: 3, 32768 bytes)
[    9.948472] TCP bind hash table entries: 8192 (order: 4, 65536 bytes)
[    9.949710] TCP: Hash tables configured (established 8192 bind 8192)
[   10.093356] UDP hash table entries: 512 (order: 2, 16384 bytes)
[   10.212919] UDP-Lite hash table entries: 512 (order: 2, 16384 bytes)
[   10.342012] NET: Registered protocol family 1
[   10.431172] pci 0000:00:00.0: Limiting direct PCI/PCI transfers
[   10.544675] pci 0000:00:01.0: Activating ISA DMA hang workarounds
[   10.605691] Unpacking initramfs...
[   12.175330] Freeing initrd memory: 10776K (f6ae4000 - f756a000)
[   12.314233] RAPL PMU detected, API unit is 2^-32 Joules, 4 fixed counters 10737418240 ms ovfl timer
[   12.340153] hw unit of domain pp0-core 2^-0 Joules
[   12.397600] hw unit of domain package 2^-0 Joules
[   12.490138] hw unit of domain dram 2^-0 Joules
[   12.507188] hw unit of domain pp1-gpu 2^-0 Joules
[   12.507908] platform rtc_cmos: registered platform RTC device (no PNP device found)
[   12.527928] Scanning for low memory corruption every 60 seconds
[   12.529150] audit: initializing netlink subsys (disabled)
[   12.550802] audit: type=2000 audit(1494509392.719:1): initialized
[   12.611604] Initialise system trusted keyring
[   12.612752] HugeTLB registered 2 MB page size, pre-allocated 0 pages
[   12.704626] zbud: loaded
[   12.735698] VFS: Disk quotas dquot_6.6.0
[   12.736611] VFS: Dquot-cache hash table entries: 1024 (order 0, 4096 bytes)
[   12.738199] squashfs: version 4.0 (2009/01/31) Phillip Lougher
[   12.739718] fuse init (API version 7.23)
[   12.740450] Key type big_key registered
[   12.823526] Allocating IMA MOK and blacklist keyrings.
[   12.949526] Key type asymmetric registered
[   13.017607] Asymmetric key parser 'x509' registered
[   13.069204] bounce: pool size: 64 pages
[   13.070144] Block layer SCSI generic (bsg) driver version 0.4 loaded (major 249)
[   13.071847] io scheduler noop registered
[   13.085259] io scheduler deadline registered (default)
[   13.162769] io scheduler cfq registered
[   13.267378] pci_hotplug: PCI Hot Plug PCI Core version: 0.5
[   13.415430] pciehp: PCI Express Hot Plug Controller Driver version: 0.4
[   13.557631] tsc: Refined TSC clocksource calibration: 2593.739 MHz
[   13.630396] clocksource: tsc: mask: 0xffffffffffffffff max_cycles: 0x2563218ce50, max_idle_ns: 440795301459 ns
[   13.630572] ACPI: AC Adapter [AC] (on-line)
ÿ[   13.630612] input: Power Button as /devices/LNXSYSTM:00/LNXPWRBN:00/input/input0
[   13.630615] ACPI: Power Button [PWRF]
[   13.630664] input: Sleep Button as /devices/LNXSYSTM:00/LNXSLPBN:00/input/input1
[   13.630665] ACPI: Sleep Button [SLPF]
[   13.753151] GHES: HEST is not enabled!
[   13.753748] ACPI: Battery Slot [BAT0] (battery present)
[   13.753773] isapnp: Scanning for PnP cards...
[   13.759321] Serial: 8250/16550 driver, 32 ports, IRQ sharing enabled
[   13.883638] 00:02: ttyS0 at I/O 0x3f8 (irq = 4, base_baud = 115200) is a 16550A
[   14.379486] Linux agpgart interface v0.103
[   14.430691] loop: module loaded
[   14.442921] isapnp: No Plug & Play device found
[   14.546376] scsi host0: ata_piix
[   14.550641] scsi host1: ata_piix
[   14.585851] ata1: PATA max UDMA/33 cmd 0x1f0 ctl 0x3f6 bmdma 0xd000 irq 14
[   14.747516] ata2: PATA max UDMA/33 cmd 0x170 ctl 0x376 bmdma 0xd008 irq 15
[   14.861938] libphy: Fixed MDIO Bus: probed
[   14.958133] tun: Universal TUN/TAP device driver, 1.6
[   15.086730] tun: (C) 1999-2004 Max Krasnyansky <maxk@qualcomm.com>
[   15.246387] PPP generic driver version 2.4.2
[   15.335965] ehci_hcd: USB 2.0 'Enhanced' Host Controller (EHCI) Driver
[   15.501069] ehci-pci: EHCI PCI platform driver
[   15.558585] ehci-platform: EHCI generic platform driver
[   15.622183] ohci_hcd: USB 1.1 'Open' Host Controller (OHCI) Driver
[   15.658315] ohci-pci: OHCI PCI platform driver
[   15.659019] ohci-platform: OHCI generic platform driver
[   15.659738] uhci_hcd: USB Universal Host Controller Interface driver
[   15.660596] i8042: PNP: PS/2 Controller [PNP0303:PS2K,PNP0f03:PS2M] at 0x60,0x64 irq 1,12
[   15.662198] serio: i8042 KBD port at 0x60,0x64 irq 1
[   15.662878] serio: i8042 AUX port at 0x60,0x64 irq 12
[   15.663651] mousedev: PS/2 mouse device common for all mice
[   15.765680] rtc_cmos rtc_cmos: rtc core: registered rtc_cmos as rtc0
[   15.812163] rtc_cmos rtc_cmos: alarms up to one day, 114 bytes nvram
[   15.818978] input: AT Translated Set 2 keyboard as /devices/platform/i8042/serio0/input/input2
[   15.820206] i2c /dev entries driver
[   15.830132] device-mapper: uevent: version 1.0.3
[   15.849624] device-mapper: ioctl: 4.34.0-ioctl (2015-10-28) initialised: dm-devel@redhat.com
[   15.988143] platform eisa.0: Probing EISA bus 0
[   16.081419] platform eisa.0: EISA: Cannot allocate resource for mainboard
[   16.135600] platform eisa.0: Cannot allocate resource for EISA slot 1
[   16.136853] platform eisa.0: Cannot allocate resource for EISA slot 2
[   16.145089] platform eisa.0: Cannot allocate resource for EISA slot 3
[   16.148867] platform eisa.0: Cannot allocate resource for EISA slot 4
[   16.150141] platform eisa.0: Cannot allocate resource for EISA slot 5
[   16.151289] platform eisa.0: Cannot allocate resource for EISA slot 6
[   16.214056] platform eisa.0: Cannot allocate resource for EISA slot 7
[   16.343720] platform eisa.0: Cannot allocate resource for EISA slot 8
[   16.344543] platform eisa.0: EISA: Detected 0 cards
[   16.345219] cpufreq-nforce2: No nForce2 chipset.
[   16.345905] ledtrig-cpu: registered to indicate activity on CPUs
[   16.346890] NET: Registered protocol family 10
[   16.413361] NET: Registered protocol family 17
[   16.515272] Key type dns_resolver registered
[   16.571343] microcode: CPU0 sig=0x306c3, pf=0x40, revision=0x0
[   16.654198] microcode: CPU1 sig=0x306c3, pf=0x40, revision=0x0
[   16.655056] microcode: Microcode Update Driver: v2.01 <tigran@aivazian.fsnet.co.uk>, Peter Oruba
[   16.656405] Using IPI No-Shortcut mode
[   16.697478] registered taskstats version 1
[   16.825964] Loading compiled-in X.509 certificates
[   16.970517] Loaded X.509 cert 'Build time autogenerated kernel key: 42ed22459aa700f8082e342aa29c56ea5a58936f'
[   17.235508] zswap: loaded using pool lzo/zbud
[   17.347891] Key type trusted registered
[   17.460728] Key type encrypted registered
[   17.499867] AppArmor: AppArmor sha1 policy hashing enabled
[   17.502092] ima: No TPM chip found, activating TPM-bypass!
[   17.533253] evm: HMAC attrs: 0x1
[   17.534071]   Magic number: 1:125:483
[   17.623583] rtc_cmos rtc_cmos: setting system clock to 2017-05-11 13:29:55 UTC (1494509395)
[   17.678355] BIOS EDD facility v0.16 2004-Jun-25, 0 devices found
[   17.772764] EDD information not available.
[   17.773850] Freeing unused kernel memory: 940K (c1b99000 - c1c84000)
[   17.927431] Write protecting the kernel text: 7932k
[   17.953601] Write protecting the kernel read-only data: 3168k
[   17.954359] NX-protecting the kernel data: 6404k
Loading, please wait...
[   17.964483] random: systemd-udevd: uninitialized urandom read (16 bytes read, 0 bits of entropy available)
starting version 229
[   17.964951] random: udevadm: uninitialized urandom read (16 bytes read, 0 bits of entropy available)
[   17.964983] random: udevadm: uninitialized urandom read (16 bytes read, 0 bits of entropy available)
[   17.965093] random: udevadm: uninitialized urandom read (16 bytes read, 0 bits of entropy available)
[   17.965131] random: udevadm: uninitialized urandom read (16 bytes read, 0 bits of entropy available)
[   17.965166] random: udevadm: uninitialized urandom read (16 bytes read, 0 bits of entropy available)
[   17.965205] random: udevadm: uninitialized urandom read (16 bytes read, 0 bits of entropy available)
[   17.965241] random: udevadm: uninitialized urandom read (16 bytes read, 0 bits of entropy available)
[   17.965279] random: udevadm: uninitialized urandom read (16 bytes read, 0 bits of entropy available)
[   17.965315] random: udevadm: uninitialized urandom read (16 bytes read, 0 bits of entropy available)
[   18.813379] e1000: Intel(R) PRO/1000 Network Driver - version 7.3.21-k8-NAPI
[   18.855861] e1000: Copyright (c) 1999-2006 Intel Corporation.
[   18.861702] Fusion MPT base driver 3.04.20
[   18.888002] Copyright (c) 1999-2008 LSI Corporation
[   18.982999] Fusion MPT SPI Host driver 3.04.20
[   19.166702] input: ImExPS/2 Generic Explorer Mouse as /devices/platform/i8042/serio1/input/input4
[   19.277161] e1000 0000:00:03.0 eth0: (PCI:33MHz:32-bit) 02:3e:d3:d5:ac:89
[   19.287785] e1000 0000:00:03.0 eth0: Intel(R) PRO/1000 Network Connection
[   19.289322] e1000 0000:00:03.0 enp0s3: renamed from eth0
[   19.309965] mptbase: ioc0: Initiating bringup
[   19.386220] ioc0: LSI53C1030 A0: Capabilities={Initiator}
[   19.574880] scsi host2: ioc0: LSI53C1030 A0, FwRev=00000000h, Ports=1, MaxQ=256, IRQ=20
[   19.717979] scsi 2:0:0:0: Direct-Access     VBOX     HARDDISK         1.0  PQ: 0 ANSI: 5
[   19.772857] scsi target2:0:0: Beginning Domain Validation
[   19.787861] scsi target2:0:0: Domain Validation skipping write tests
[   19.800851] scsi target2:0:0: Ending Domain Validation
[   19.808947] scsi target2:0:0: asynchronous
[   19.818038] scsi 2:0:1:0: Direct-Access     VBOX     HARDDISK         1.0  PQ: 0 ANSI: 5
[   19.873770] scsi target2:0:1: Beginning Domain Validation
[   19.875121] scsi target2:0:1: Domain Validation skipping write tests
[   19.875923] scsi target2:0:1: Ending Domain Validation
[   19.876660] scsi target2:0:1: asynchronous
[   19.882319] sd 2:0:0:0: [sda] 20971520 512-byte logical blocks: (10.7 GB/10.0 GiB)
[   19.901094] sd 2:0:0:0: Attached scsi generic sg0 type 0
[   19.977056] sd 2:0:0:0: [sda] Write Protect is off
[   19.977854] sd 2:0:0:0: [sda] Incomplete mode parameter data
[   19.978270] sd 2:0:1:0: Attached scsi generic sg1 type 0
[   20.010575] sd 2:0:0:0: [sda] Assuming drive cache: write through
[   20.014031] sd 2:0:1:0: [sdb] 20480 512-byte logical blocks: (10.5 MB/10.0 MiB)
[   20.069916] sd 2:0:1:0: [sdb] Write Protect is off
[   20.090430]  sda: sda1
[   20.154228] sd 2:0:0:0: [sda] Attached SCSI disk
[   20.289730] sd 2:0:1:0: [sdb] Incomplete mode parameter data
[   20.406134] sd 2:0:1:0: [sdb] Assuming drive cache: write through
[   20.492634] sd 2:0:1:0: [sdb] Attached SCSI disk
[   21.985947] floppy0: no floppy controllers found
[   22.078526] work still pending
Begin: Loading e[   23.426411] md: linear personality registered for level -1
ssential drivers[   23.452904] md: multipath personality registered for level -4
 ... [   23.480273] md: raid0 personality registered for level 0
[   23.538286] md: raid1 personality registered for level 1
[   23.737861] raid6: mmxx1    gen()  6250 MB/s
[   23.809917] raid6: mmxx2    gen()  6335 MB/s
[   23.974054] raid6: sse1x1   gen()  5294 MB/s
[   24.129661] raid6: sse1x2   gen()  6586 MB/s
[   24.321777] raid6: sse2x1   gen() 10761 MB/s
[   24.501887] raid6: sse2x1   xor()  8012 MB/s
[   24.666019] raid6: sse2x2   gen() 13475 MB/s
[   24.781603] raid6: sse2x2   xor()  7165 MB/s
[   24.827999] raid6: using algorithm sse2x2 gen() 13475 MB/s
[   24.828724] raid6: .... xor() 7165 MB/s, rmw enabled
[   24.829391] raid6: using ssse3x1 recovery algorithm
[   24.832927] xor: automatically using best checksumming function:
[   25.001797]    avx       : 21931.000 MB/sec
[   25.045445] async_tx: api initialized (async)
[   25.071741] md: raid6 personality registered for level 6
[   25.186421] md: raid5 personality registered for level 5
[   25.270405] md: raid4 personality registered for level 4
[   25.415035] md: raid10 personality registered for level 10
done.
Begin: Running /scripts/init-premount ... done.
Begin: Mounting root file sys[   25.588479] Btrfs loaded
tem ... Begin: Running /scripts/local-top ... done.
Begin: Running /scripts/local-premount ... Scanning for Btrfs filesystems
done.
Warning: fsck no[   25.670098] EXT4-fs (sda1): INFO: recovery required on readonly filesystem
t present, so skipping root file[   25.782117] EXT4-fs (sda1): write access will be enabled during recovery
 system
[   26.036971] EXT4-fs (sda1): orphan cleanup on readonly fs
[   26.069417] EXT4-fs (sda1): 1 orphan inode deleted
[   26.096573] EXT4-fs (sda1): recovery complete
[   26.109823] random: nonblocking pool is initialized
[   26.191908] EXT4-fs (sda1): mounted filesystem with ordered data mode. Opts: (null)
done.
Begin: Running /scripts/local-bottom ... done.
Begin: Running /scripts/init-bottom ... done.
[   26.841861] systemd[1]: systemd 229 running in system mode. (+PAM +AUDIT +SELINUX +IMA +APPARMOR +SMACK +SYSVINIT +UTMP +LIBCRYPTSETUP +GCRYPT +GNUTLS +ACL +XZ -LZ4 +SECCOMP +BLKID +ELFUTILS +KMOD -IDN)
[   27.124430] systemd[1]: Detected virtualization oracle.
[   27.128641] systemd[1]: Detected architecture x86.

Welcome to [1mUbuntu 16.04.2 LTS[0m!

[   27.201088] systemd[1]: Set hostname to <ubuntu-xenial>.
[   27.812900] systemd[1]: Started Trigger resolvconf update for networkd DNS.
[[0;32m  OK  [0m] Started Trigger resolvconf update for networkd DNS.
[   28.006024] systemd[1]: Listening on Journal Audit Socket.
[[0;32m  OK  [0m] Listening on Journal Audit Socket.
[   28.126068] systemd[1]: Listening on udev Kernel Socket.
[[0;32m  OK  [0m] Listening on udev Kernel Socket.
[   28.237748] systemd[1]: Listening on /dev/initctl Compatibility Named Pipe.
[[0;32m  OK  [0m] Listening on /dev/initctl Compatibility Named Pipe.
[   28.286162] systemd[1]: Listening on Device-mapper event daemon FIFOs.
[[0;32m  OK  [0m] Listening on Device-mapper event daemon FIFOs.
[   28.384599] systemd[1]: Listening on Journal Socket.
[[0;32m  OK  [0m] Listening on Journal Socket.
[   28.410275] systemd[1]: Listening on LVM2 poll daemon socket.
[[0;32m  OK  [0m] Listening on LVM2 poll daemon socket.
[   28.585948] systemd[1]: Started Forward Password Requests to Wall Directory Watch.
[[0;32m  OK  [0m] Started Forward Password Requests to Wall Directory Watch.
[   28.762343] systemd[1]: Created slice System Slice.
[[0;32m  OK  [0m] Created slice System Slice.
[   28.938228] systemd[1]: Starting Nameserver information manager...
         Starting Nameserver information manager...
[   29.021775] systemd[1]: Starting Remount Root and Kernel File Systems...
         Starting Remount Root and Kernel File Systems...
[   29.085121] systemd[1]: Starting Create list of required static device nodes for the current kernel...
         Starting Create [   29.097028] EXT4-fs (sda1): re-mounted. Opts: (null)
list of required st... nodes for the current kernel...
[   29.128124] systemd[1]: Listening on udev Control Socket.
[[0;32m  OK  [0m] Listening on udev Control Socket.
[   29.197792] systemd[1]: Mounting POSIX Message Queue File System...
         Mounting POSIX Message Queue File System...
[   29.266032] systemd[1]: Starting Set console keymap...
         Starting Set console keymap...
[   29.406278] systemd[1]: Set up automount Arbitrary Executable File Formats File System Automount Point.
[[0;32m  OK  [0m] Set up automount Arbitrary Executab...ats File System Automount Point.
[   29.486264] systemd[1]: Listening on Journal Socket (/dev/log).
[[0;32m  OK  [0m] Listening on Journal Socket (/dev/log).
[   29.626136] systemd[1]: Created slice system-serial\x2dgetty.slice.
[[0;32m  OK  [0m] Created slice system-serial\x2dgetty.slice.
[   29.798198] systemd[1]: Mounting Debug File System...
         Mounting Debug File System...
[   29.910811] systemd[1]: Listening on LVM2 metadata daemon socket.
[[0;32m  OK  [0m] Listening on LVM2 metadata daemon socket.
[   29.993835] systemd[1]: Starting Load Kernel Modules...
         Starting Load Kernel Modules...
[   30.109867] systemd[1]: Mounting Huge Pages File System...
         [   30.173848] Loading iSCSI transport class v2.0-870.
Mounting Huge Pages File System...
[   30.228409] systemd[1]: Created slice system-postgresql.slice.
[[0;32m  OK  [0[   30.246262] iscsi: registered transport (tcp)
m] Created slice system-postgresql.slice.
[   30.274121] systemd[1]: Listening on Syslog Socket.
[[0;32m  OK  [0m] Listening on Syslog Socket.
[   30.304902] iscsi: registered transport (iser)
[   30.322105] systemd[1]: Starting Journal Service...
         Starting Journal Service...
[   30.332825] systemd[1]: Reached target User and Group Name Lookups.
[[0;32m  OK  [0m] Reached target User and Group Name Lookups.
[   30.342187] systemd[1]: Starting Monitoring of LVM2 mirrors, snapshots etc. using dmeventd or progress polling...
         Starting Monitoring of LVM2 mirrors... dmeventd or progress polling...
[   30.382114] systemd[1]: Starting Uncomplicated firewall...
         Starting Uncomplicated firewall...
[   30.417687] systemd[1]: Reached target Encrypted Volumes.
[[0;32m  OK  [0m] Reached target Encrypted Volumes.
[   30.566152] systemd[1]: Created slice User and Session Slice.
[[0;32m  OK  [0m] Created slice User and Session Slice.
[   30.758224] systemd[1]: Reached target Slices.
[[0;32m  OK  [0m] Reached target Slices.
[   30.833395] systemd[1]: Reached target Swap.
[[0;32m  OK  [0m] Reached target Swap.
[   30.922371] systemd[1]: Mounted Debug File System.
[[0;32m  OK  [0m] Mounted Debug File System.
[   31.041937] systemd[1]: Mounted Huge Pages File System.
[[0;32m  OK  [0m] Mounted Huge Pages File System.
[   31.182058] systemd[1]: Mounted POSIX Message Queue File System.
[[0;32m  OK  [0m] Mounted POSIX Message Queue File System.
[   31.334371] systemd[1]: Started Journal Service.
[[0;32m  OK  [0m] Started Journal Service.
[[0;32m  OK  [0m] Started Remount Root and Kernel File Systems.
[[0;32m  OK  [0m] Started Create list of required sta...ce nodes for the current kernel.
[[0;32m  OK  [0m] Started Set console keymap.
[[0;32m  OK  [0m] Started Load Kernel Modules.
[[0;32m  OK  [0m] Started Uncomplicated firewall.
[[0;32m  OK  [0m] Started Nameserver information manager.
[[0;32m  OK  [0m] Started LVM2 metadata daemon.
         Mounting FUSE Control File System...
         Starting Apply Kernel Variables...
         Starting Create Static Device Nodes in /dev...
         Starting Initial cloud-init job (pre-networking)...
         Starting Load/Save Random Seed...
         Starting udev Coldplug all Devices...
         Starting Flush Journal to Persistent Storage...
[[0;32m  OK  [0m] Mounted FUSE Control File System.
[[0;32m  OK  [0m] Started Monitoring of LVM2 mirrors,...ng dmeventd or progress polling.
[[0;32m  OK  [0m] Started Apply Kernel Variables.
[[0;32m  OK  [0m] Started Create Static Device Nodes in /dev.
[[0;32m  OK  [0m] Started Load/Save Random Seed.
[[0;32m  OK  [0m] Started udev Coldplug all Devices.
         Starting udev Kernel Device Manager...
[[0;32m  OK  [0m] Started Flush Journal to Persistent Storage.
[[0;32m  OK  [0m] Started udev Kernel Device Manager.
[[0;32m  OK  [0m] Reached target Local File Systems (Pre).
[[0;32m  OK  [0m] Reached target Local File Systems.
         Starting LSB: AppArmor initialization...
         Starting Create Volatile Files and Directories...
         Starting Tell Plymouth To Write Out Runtime Data...
         Starting Set console font and keymap...
[[0;32m  OK  [0m] Started Dispatch Password Requests to Console Directory Watch.
[[0;32m  OK  [0m] Started Create Volatile Files and Directories.
[[0;32m  OK  [0m] Started Tell Plymouth To Write Out Runtime Data.
[[0;32m  OK  [0m] Found device /dev/ttyS0.
[[0;32m  OK  [0m] Reached target System Time Synchronized.
         Starting Update UTMP about System Boot/Shutdown...
[[0;32m  OK  [0m] Found device 82540EM Gigabit Ethern...r (PRO/1000 MT Desktop Adapter).
[[0;32m  OK  [0m] Started Update UTMP about System Boot/Shutdown.
[[0;32m  OK  [0m] Started Set console font and keymap.
[[0;32m  OK  [0m] Created slice system-getty.slice.
[[0;32m  OK  [0m] Listening on Load/Save RF Kill Switch Status /dev/rfkill Watch.
[[0;32m  OK  [0m] Started LSB: AppArmor initialization.
[   26.766148] cloud-init[451]: Cloud-init v. 0.7.9 running 'init-local' at Thu, 11 May 2017 13:30:12 +0000. Up 26.10 seconds.
[[0;32m  OK  [0m] Started Initial cloud-init job (pre-networking).
[[0;32m  OK  [0m] Reached target Network (Pre).
         Starting Raise network interfaces...
[[0;32m  OK  [0m] Started ifup for enp0s3.
[[0;32m  OK  [0m] Started Raise network interfaces.
         Starting Initial cloud-init job (metadata service crawler)...
[[0;32m  OK  [0m] Reached target Network.
[   27.949428] cloud-init[965]: Cloud-init v. 0.7.9 running 'init' at Thu, 11 May 2017 13:30:13 +0000. Up 27.48 seconds.
[   27.992538] [cloud-init[0;32m  OK  [0m[965]: ] ci-info: +++++++++++++++++++++++++++++++++++++Net device info++++++++++++++++++++++++++++++++++++++Started Initial cloud-init job (metadata service crawler).

[   27.992838] cloud-init[965]: ci-info: +--------+------+----------------------------+---------------+-------+-------------------+
[   28.299648] [cloud-init[0;32m  OK  [0m[965]: ] ci-info: | Device |  Up  |          Address           |      Mask     | Scope |     Hw-Address    |Reached target Cloud-config availability.

[[0;32m  OK  [0m] Reached target Network is Online.
[   28.299966] cloud-init[965]: ci-info: +--------+------+----------------------------+---------------+-------+-------------------+
[   28.627844] cloud-init[965]: ci-info: | enp0s3 | True |         10.0.2.15          | 255.255.255.0 |   .   | 02:3e:d3:d5:ac:89 |
         Starting iSCSI initiator daemon (iscsid)...
[[0;32m  OK  [0m] Reached target System Initialization.
[[0;32m  OK  [0m] Listening on UUID daemon activation socket.
[   28.628185] cloud-init[965]: ci-info: | enp0s3 | True | fe80::3e:d3ff:fed5:ac89/64 |       .       |  link | 02:3e:d3:d5:ac:89 |
[   29.034469] [cloud-init[0;32m  OK  [0m[965]: ] ci-info: |   lo   | True |         127.0.0.1          |   255.0.0.0   |   .   |         .         |Started Daily apt activities.

         Starting Socket activation for snappy daemon.
[[0;32m  OK  [0m] Listening on ACPID Listen Socket.
[[0;32m  OK  [0m] Listening on D-Bus System Message Bus Socket.
[   29.034888] cloud-init[965]: ci-info: |   lo   | True |          ::1/128           |       .       |  host |         .         |
[   29.440642] [cloud-init[0;32m  OK  [0m[965]: ] ci-info: +--------+------+----------------------------+---------------+-------+-------------------+Started Timer to automatically refresh installed snaps.

         Starting LXD - unix socket.
[[0;32m  OK  [0m] Started ACPI Events Check.
[[0;32m  OK  [0m] Reached target Paths.
[[0;32m  OK  [0m] Started Daily Cleanup of Temporary Directories.
[[0;32m  OK  [0m] Reached target Timers.
[   29.440985] cloud-init[965]: ci-info: +++++++++++++++++++++++++++Route IPv4 info++++++++++++++++++++++++++++
[   29.674198] [cloud-init[0;32m  OK  [0m[965]: ] ci-info: +-------+-------------+----------+---------------+-----------+-------+Listening on Socket activation for snappy daemon.

[[0;32m  OK  [0m] Listening on LXD - unix socket.
[   29.674542] cloud-init[965]: ci-info: | Route | Destination | Gateway  |    Genmask    | Interface | Flags |
[   29.936512] [cloud-init[0;32m  OK  [0m[965]: ] ci-info: +-------+-------------+----------+---------------+-----------+-------+Started iSCSI initiator daemon (iscsid).

[   29.936836] cloud-init[965]: ci-info: |   0   |   0.0.0.0   | 10.0.2.2 |    0.0.0.0    |   enp0s3  |   UG  |
[   30.179230]          cloud-initStarting Login to default iSCSI targets...[965]: 
ci-info: |   1   |   10.0.2.0  | 0.0.0.0  | 255.255.255.0 |   enp0s3  |   U   |
[   30.275448] [cloud-init[0;32m  OK  [0m[965]: ] ci-info: +-------+-------------+----------+---------------+-----------+-------+Reached target Sockets.

[[0;32m  OK  [0m] Reached target Basic System.
         Starting LSB: MD monitoring daemon...
[[0;32m  OK  [0m] Started Regular background program processing daemon.
         Starting PostgreSQL Cluster 9.5-main...
         Starting Apply the settings specified in cloud-config...
         Starting /etc/rc.local Compatibility...
[[0;32m  OK  [0m] Started D-Bus System Message Bus.
         Starting OpenBSD Secure Shell server...
[[0;32m  OK  [0m] Started FUSE filesystem for LXC.
         Starting LXD - container startup/shutdown...
[[0;32m  OK  [0m] Started ACPI event daemon.
         Starting Login Service...
         Starting System Logging Service...
[   31.086971] cloud-init[1033]: Cloud-init v. 0.7.9 running 'modules:config' at Thu, 11 May 2017 13:30:17 +0000. Up 30.87 seconds.
         Starting LSB: Record successful boot for GRUB...
         Starting Accounts Service...
[[0;32m  OK  [0m] Started Deferred execution scheduler.
[[0;32m  OK  [0m] Started Snappy daemon.
         Starting Auto import assertions from block devices...
[[0;32m  OK  [0m] Started OpenBSD Secure Shell server.
[[0;32m  OK  [0m] Started System Logging Service.
[[0;32m  OK  [0m] Started Apply the settings specified in cloud-config.
[[0;32m  OK  [0m] Started /etc/rc.local Compatibility.
[[0;32m  OK  [0m] Started Auto import assertions from block devices.
[[0;32m  OK  [0m] Started Login Service.
[[0;32m  OK  [0m] Started LSB: MD monitoring daemon.
[[0;32m  OK  [0m] Started Login to default iSCSI targets.
         Starting Authenticate and Authorize Users to Run Privileged Tasks...
[[0;32m  OK  [0m] Reached target Remote File Systems (Pre).
[[0;32m  OK  [0m] Reached target Remote File Systems.
         Starting Permit User Sessions...
         Starting LSB: Set the CPU Frequency Scaling governor to "ondemand"...
         Starting LSB: Start/stop sysstat's sadc...
         Starting LSB: VirtualBox Linux Additions...
         Starting LSB: daemon to balance interrupts for SMP systems...
         Starting LSB: automatic crash report generation...
[[0;32m  OK  [0m] Started LXD - container startup/shutdown.
[[0;32m  OK  [0m] Started LSB: Record successful boot for GRUB.
[[0;32m  OK  [0m] Started Permit User Sessions.
[[0;32m  OK  [0m] Started Authenticate and Authorize Users to Run Privileged Tasks.
[[0;32m  OK  [0m] Started Accounts Service.
[[0;32m  OK  [0m] Started LSB: Set the CPU Frequency Scaling governor to "ondemand".
[[0;32m  OK  [0m] Started LSB: Start/stop sysstat's sadc.
         Starting Hold until boot process finishes up...
         Starting Terminate Plymouth Boot Screen...
[[0;32m  OK  [0m] Started LSB: daemon to balance interrupts for SMP systems.
[[0;32m  OK  [0m] Started LSB: automatic crash report generation.
[[0;32m  OK  [0m] Started Hold until boot process finishes up.
[[0;32m  OK  [0m] Started Terminate Plymouth Boot Screen.
[[0;32m  OK  [0m] Started LSB: VirtualBox Linux Additions.
         Starting Set console scheme...
[[0;32m  OK  [0m] Started Serial Getty on ttyS0.
[[0;32m  OK  [0m] Started Getty on tty1.
[[0;32m  OK  [0m] Reached target Login Prompts.
[[0;32m  OK  [0m] Started Set console scheme.
[[0;32m  OK  [0m] Created slice User Slice of ubuntu.
         Starting User Manager for UID 1000...
[[0;32m  OK  [0m] Started Session 1 of user ubuntu.
[[0;32m  OK  [0m] Started User Manager for UID 1000.
[[0;32m  OK  [0m] Started PostgreSQL Cluster 9.5-main.
         Starting PostgreSQL RDBMS...
[[0;32m  OK  [0m] Started PostgreSQL RDBMS.
[[0;32m  OK  [0m] Reached target Multi-User System.
[[0;32m  OK  [0m] Reached target Graphical Interface.
         Starting Update UTMP about System Runlevel Changes...
         Starting Execute cloud user/final scripts...
[[0;32m  OK  [0m] Started Update UTMP about System Runlevel Changes.
[   35.743243] cloud-init[1324]: Cloud-init v. 0.7.9 running 'modules:final' at Thu, 11 May 2017 13:30:22 +0000. Up 35.62 seconds.
[[0;32m  OK  [0m] Started Execute cloud user/final scripts.
[   35.805064] cloud-init[1324]: Cloud-init v. 0.7.9 finished at Thu, 11 May 2017 13:30:22 +0000. Datasource DataSourceNoCloud [seed=/dev/sdb][dsmode=net].  Up 35.73 seconds
[[0;32m  OK  [0m] Reached target Cloud-init target.

Ubuntu 16.04.2 LTS ubuntu-xenial ttyS0

ubuntu-xenial login: 